<?xml version="1.0" encoding="UTF-8"?>
<!-- Generated by org.testng.reporters.JUnitXMLReporter -->
<testsuite hostname="LIN24006016" ignored="0" name="Test" tests="9" failures="2" timestamp="2025-08-03T18:00:04 IST" time="0.089" errors="0">
  <testcase name="test1" time="0.011" classname="Maven_Testng.Maven_Testng.MyTestToExecuteFailedTestCases">
    <skipped/>
  </testcase> <!-- test1 -->
  <testcase name="test1" time="0.003" classname="Maven_Testng.Maven_Testng.MyTestToExecuteFailedTestCases">
    <skipped/>
  </testcase> <!-- test1 -->
  <testcase name="test1" time="0.001" classname="Maven_Testng.Maven_Testng.MyTestToExecuteFailedTestCases">
    <skipped/>
  </testcase> <!-- test1 -->
  <testcase name="test1" time="0.002" classname="Maven_Testng.Maven_Testng.MyTestToExecuteFailedTestCases">
    <failure type="junit.framework.AssertionFailedError" message="expected:&amp;lt;false&amp;gt; but was:&amp;lt;true&amp;gt;">
      <![CDATA[junit.framework.AssertionFailedError: expected:<false> but was:<true>
at junit.framework.Assert.fail(Assert.java:57)
at junit.framework.Assert.failNotEquals(Assert.java:329)
at junit.framework.Assert.assertEquals(Assert.java:78)
at junit.framework.Assert.assertEquals(Assert.java:174)
at junit.framework.Assert.assertEquals(Assert.java:181)
at Maven_Testng.Maven_Testng.MyTestToExecuteFailedTestCases.test1(MyTestToExecuteFailedTestCases.java:16)
at java.util.ArrayList.forEach(ArrayList.java:1257)
... Removed 27 stack frames]]>
    </failure>
  </testcase> <!-- test1 -->
  <testcase name="test2" time="0.001" classname="Maven_Testng.Maven_Testng.MyTestToExecuteFailedTestCases">
    <skipped/>
  </testcase> <!-- test2 -->
  <testcase name="test2" time="0.002" classname="Maven_Testng.Maven_Testng.MyTestToExecuteFailedTestCases">
    <skipped/>
  </testcase> <!-- test2 -->
  <testcase name="test2" time="0.002" classname="Maven_Testng.Maven_Testng.MyTestToExecuteFailedTestCases">
    <skipped/>
  </testcase> <!-- test2 -->
  <testcase name="test2" time="0.001" classname="Maven_Testng.Maven_Testng.MyTestToExecuteFailedTestCases">
    <failure type="junit.framework.AssertionFailedError" message="expected:&amp;lt;false&amp;gt; but was:&amp;lt;true&amp;gt;">
      <![CDATA[junit.framework.AssertionFailedError: expected:<false> but was:<true>
at junit.framework.Assert.fail(Assert.java:57)
at junit.framework.Assert.failNotEquals(Assert.java:329)
at junit.framework.Assert.assertEquals(Assert.java:78)
at junit.framework.Assert.assertEquals(Assert.java:174)
at junit.framework.Assert.assertEquals(Assert.java:181)
at Maven_Testng.Maven_Testng.MyTestToExecuteFailedTestCases.test2(MyTestToExecuteFailedTestCases.java:22)
at java.util.ArrayList.forEach(ArrayList.java:1257)
... Removed 27 stack frames]]>
    </failure>
  </testcase> <!-- test2 -->
  <testcase name="test3" time="0.001" classname="Maven_Testng.Maven_Testng.MyTestToExecuteFailedTestCases"/>
</testsuite> <!-- Test -->
