<html>
<head>
<title>TestNG:  Open Cart Login Page Test</title>
<link href="../testng.css" rel="stylesheet" type="text/css" />
<link href="../my-testng.css" rel="stylesheet" type="text/css" />

<style type="text/css">
.log { display: none;} 
.stack-trace { display: none;} 
</style>
<script type="text/javascript">
<!--
function flip(e) {
  current = e.style.display;
  if (current == 'block') {
    e.style.display = 'none';
    return 0;
  }
  else {
    e.style.display = 'block';
    return 1;
  }
}

function toggleBox(szDivId, elem, msg1, msg2)
{
  var res = -1;  if (document.getElementById) {
    res = flip(document.getElementById(szDivId));
  }
  else if (document.all) {
    // this is the way old msie versions work
    res = flip(document.all[szDivId]);
  }
  if(elem) {
    if(res == 0) elem.innerHTML = msg1; else elem.innerHTML = msg2;
  }

}

function toggleAllBoxes() {
  if (document.getElementsByTagName) {
    d = document.getElementsByTagName('div');
    for (i = 0; i < d.length; i++) {
      if (d[i].className == 'log') {
        flip(d[i]);
      }
    }
  }
}

// -->
</script>

</head>
<body>
<h2 align='center'>Open Cart Login Page Test</h2><table border='1' align="center">
<tr>
<td>Tests passed/Failed/Skipped:</td><td>2/1/0</td>
</tr><tr>
<td>Started on:</td><td>Tue Apr 29 13:18:02 IST 2025</td>
</tr>
<tr><td>Total time:</td><td>44 seconds (44165 ms)</td>
</tr><tr>
<td>Included groups:</td><td></td>
</tr><tr>
<td>Excluded groups:</td><td></td>
</tr>
</table><p/>
<small><i>(Hover the method name to see the test class name)</i></small><p/>
<table width='100%' border='1' class='invocation-failed'>
<tr><td colspan='4' align='center'><b>FAILED TESTS</b></td></tr>
<tr><td><b>Test method</b></td>
<td width="30%"><b>Exception</b></td>
<td width="10%"><b>Time (seconds)</b></td>
<td><b>Instance</b></td>
</tr>
<tr>
<td title='com.qa.opencart.tests.LoginPageTest.appLoginTest()'><b>appLoginTest</b><br>Test class: com.qa.opencart.tests.LoginPageTest</td>
<td><div><pre>com.microsoft.playwright.PlaywrightException: Error {
  message=&apos;Unexpected token &quot;&quot; while parsing css selector &quot;&quot;. Did you mean to CSS.escape it?
  name=&apos;Error
  stack=&apos;Error: Unexpected token &quot;&quot; while parsing css selector &quot;&quot;. Did you mean to CSS.escape it?
    at unexpected (C:\Users\VLAKKAND\AppData\Local\Temp\playwright-java-6974736600280929974\package\lib\utils\isomorphic\cssParser.js:68:12)
    at consumeSimpleSelector (C:\Users\VLAKKAND\AppData\Local\Temp\playwright-java-6974736600280929974\package\lib\utils\isomorphic\cssParser.js:211:51)
    at consumeComplexSelector (C:\Users\VLAKKAND\AppData\Local\Temp\playwright-java-6974736600280929974\package\lib\utils\isomorphic\cssParser.js:140:19)
    at consumeArgument (C:\Users\VLAKKAND\AppData\Local\Temp\playwright-java-6974736600280929974\package\lib\utils\isomorphic\cssParser.js:120:12)
    at consumeFunctionArguments (C:\Users\VLAKKAND\AppData\Local\Temp\playwright-java-6974736600280929974\package\lib\utils\isomorphic\cssParser.js:107:21)
    at parseCSS (C:\Users\VLAKKAND\AppData\Local\Temp\playwright-java-6974736600280929974\package\lib\utils\isomorphic\cssParser.js:228:18)
    at parseSelector (C:\Users\VLAKKAND\AppData\Local\Temp\playwright-java-6974736600280929974\package\lib\utils\isomorphic\selectorParser.js:50:49)
    at splitSelectorByFrame (C:\Users\VLAKKAND\AppData\Local\Temp\playwright-java-6974736600280929974\package\lib\utils\isomorphic\selectorParser.js:99:20)
    at FrameSelectors.resolveFrameForSelector (C:\Users\VLAKKAND\AppData\Local\Temp\playwright-java-6974736600280929974\package\lib\server\frameSelectors.js:110:66)
    at FrameSelectors.resolveInjectedForSelector (C:\Users\VLAKKAND\AppData\Local\Temp\playwright-java-6974736600280929974\package\lib\server\frameSelectors.js:152:33)
}
Call log:
-     - checking visibility of

	at com.microsoft.playwright.impl.WaitableResult.get(WaitableResult.java:56)
	at com.microsoft.playwright.impl.ChannelOwner.runUntil(ChannelOwner.java:132)
	at com.microsoft.playwright.impl.Connection.sendMessage(Connection.java:130)
	at com.microsoft.playwright.impl.ChannelOwner.sendMessage(ChannelOwner.java:118)
	at com.microsoft.playwright.impl.FrameImpl.isVisibleImpl(FrameImpl.java:641)
	at com.microsoft.playwright.impl.PageImpl.lambda$isVisible$58(PageImpl.java:1012)
	at com.microsoft.playwright.impl.LoggingSupport.withLogging(LoggingSupport.java:47)
	at com.microsoft.playwright.impl.ChannelOwner.withLogging(ChannelOwner.java:97)
	at com.microsoft.playwright.impl.PageImpl.isVisible(PageImpl.java:1011)
	at com.microsoft.playwright.Page.isVisible(Page.java:5716)
	at com.qa.opencart.pages.LoginPage.doLogIn(LoginPage.java:33)
	at com.qa.opencart.tests.LoginPageTest.appLoginTest(LoginPageTest.java:28)
	at java.util.ArrayList.forEach(ArrayList.java:1257)
	at java.util.concurrent.FutureTask.run(FutureTask.java:266)
	at java.util.concurrent.ThreadPoolExecutor.runWorker(ThreadPoolExecutor.java:1149)
	at java.util.concurrent.ThreadPoolExecutor$Worker.run(ThreadPoolExecutor.java:624)
	at java.lang.Thread.run(Thread.java:748)
Caused by: com.microsoft.playwright.impl.DriverException: Error {
  message=&apos;Unexpected token &quot;&quot; while parsing css selector &quot;&quot;. Did you mean to CSS.escape it?
  name=&apos;Error
  stack=&apos;Error: Unexpected token &quot;&quot; while parsing css selector &quot;&quot;. Did you mean to CSS.escape it?
    at unexpected (C:\Users\VLAKKAND\AppData\Local\Temp\playwright-java-6974736600280929974\package\lib\utils\isomorphic\cssParser.js:68:12)
    at consumeSimpleSelector (C:\Users\VLAKKAND\AppData\Local\Temp\playwright-java-6974736600280929974\package\lib\utils\isomorphic\cssParser.js:211:51)
    at consumeComplexSelector (C:\Users\VLAKKAND\AppData\Local\Temp\playwright-java-6974736600280929974\package\lib\utils\isomorphic\cssParser.js:140:19)
    at consumeArgument (C:\Users\VLAKKAND\AppData\Local\Temp\playwright-java-6974736600280929974\package\lib\utils\isomorphic\cssParser.js:120:12)
    at consumeFunctionArguments (C:\Users\VLAKKAND\AppData\Local\Temp\playwright-java-6974736600280929974\package\lib\utils\isomorphic\cssParser.js:107:21)
    at parseCSS (C:\Users\VLAKKAND\AppData\Local\Temp\playwright-java-6974736600280929974\package\lib\utils\isomorphic\cssParser.js:228:18)
    at parseSelector (C:\Users\VLAKKAND\AppData\Local\Temp\playwright-java-6974736600280929974\package\lib\utils\isomorphic\selectorParser.js:50:49)
    at splitSelectorByFrame (C:\Users\VLAKKAND\AppData\Local\Temp\playwright-java-6974736600280929974\package\lib\utils\isomorphic\selectorParser.js:99:20)
    at FrameSelectors.resolveFrameForSelector (C:\Users\VLAKKAND\AppData\Local\Temp\playwright-java-6974736600280929974\package\lib\server\frameSelectors.js:110:66)
    at FrameSelectors.resolveInjectedForSelector (C:\Users\VLAKKAND\AppData\Local\Temp\playwright-java-6974736600280929974\package\lib\server\frameSelectors.js:152:33)
}
Call log:
-     - checking visibility of

	at com.microsoft.playwright.impl.Connection.dispatch(Connection.java:259)
	at com.microsoft.playwright.impl.Connection.processOneMessage(Connection.java:211)
	at com.microsoft.playwright.impl.ChannelOwner.runUntil(ChannelOwner.java:130)
	... 33 more
... Removed 18 stack frames</pre></div><a href='#' onClick='toggleBox("stack-trace210892708", this, "Click to show all stack frames", "Click to hide stack frames")'>Click to show all stack frames</a>
<div class='stack-trace' id='stack-trace210892708'><pre>com.microsoft.playwright.PlaywrightException: Error {
  message=&apos;Unexpected token &quot;&quot; while parsing css selector &quot;&quot;. Did you mean to CSS.escape it?
  name=&apos;Error
  stack=&apos;Error: Unexpected token &quot;&quot; while parsing css selector &quot;&quot;. Did you mean to CSS.escape it?
    at unexpected (C:\Users\VLAKKAND\AppData\Local\Temp\playwright-java-6974736600280929974\package\lib\utils\isomorphic\cssParser.js:68:12)
    at consumeSimpleSelector (C:\Users\VLAKKAND\AppData\Local\Temp\playwright-java-6974736600280929974\package\lib\utils\isomorphic\cssParser.js:211:51)
    at consumeComplexSelector (C:\Users\VLAKKAND\AppData\Local\Temp\playwright-java-6974736600280929974\package\lib\utils\isomorphic\cssParser.js:140:19)
    at consumeArgument (C:\Users\VLAKKAND\AppData\Local\Temp\playwright-java-6974736600280929974\package\lib\utils\isomorphic\cssParser.js:120:12)
    at consumeFunctionArguments (C:\Users\VLAKKAND\AppData\Local\Temp\playwright-java-6974736600280929974\package\lib\utils\isomorphic\cssParser.js:107:21)
    at parseCSS (C:\Users\VLAKKAND\AppData\Local\Temp\playwright-java-6974736600280929974\package\lib\utils\isomorphic\cssParser.js:228:18)
    at parseSelector (C:\Users\VLAKKAND\AppData\Local\Temp\playwright-java-6974736600280929974\package\lib\utils\isomorphic\selectorParser.js:50:49)
    at splitSelectorByFrame (C:\Users\VLAKKAND\AppData\Local\Temp\playwright-java-6974736600280929974\package\lib\utils\isomorphic\selectorParser.js:99:20)
    at FrameSelectors.resolveFrameForSelector (C:\Users\VLAKKAND\AppData\Local\Temp\playwright-java-6974736600280929974\package\lib\server\frameSelectors.js:110:66)
    at FrameSelectors.resolveInjectedForSelector (C:\Users\VLAKKAND\AppData\Local\Temp\playwright-java-6974736600280929974\package\lib\server\frameSelectors.js:152:33)
}
Call log:
-     - checking visibility of

	at com.microsoft.playwright.impl.WaitableResult.get(WaitableResult.java:56)
	at com.microsoft.playwright.impl.ChannelOwner.runUntil(ChannelOwner.java:132)
	at com.microsoft.playwright.impl.Connection.sendMessage(Connection.java:130)
	at com.microsoft.playwright.impl.ChannelOwner.sendMessage(ChannelOwner.java:118)
	at com.microsoft.playwright.impl.FrameImpl.isVisibleImpl(FrameImpl.java:641)
	at com.microsoft.playwright.impl.PageImpl.lambda$isVisible$58(PageImpl.java:1012)
	at com.microsoft.playwright.impl.LoggingSupport.withLogging(LoggingSupport.java:47)
	at com.microsoft.playwright.impl.ChannelOwner.withLogging(ChannelOwner.java:97)
	at com.microsoft.playwright.impl.PageImpl.isVisible(PageImpl.java:1011)
	at com.microsoft.playwright.Page.isVisible(Page.java:5716)
	at com.qa.opencart.pages.LoginPage.doLogIn(LoginPage.java:33)
	at com.qa.opencart.tests.LoginPageTest.appLoginTest(LoginPageTest.java:28)
	at sun.reflect.NativeMethodAccessorImpl.invoke0(Native Method)
	at sun.reflect.NativeMethodAccessorImpl.invoke(NativeMethodAccessorImpl.java:62)
	at sun.reflect.DelegatingMethodAccessorImpl.invoke(DelegatingMethodAccessorImpl.java:43)
	at java.lang.reflect.Method.invoke(Method.java:498)
	at org.testng.internal.MethodInvocationHelper.invokeMethod(MethodInvocationHelper.java:133)
	at org.testng.internal.TestInvoker.invokeMethod(TestInvoker.java:598)
	at org.testng.internal.TestInvoker.invokeTestMethod(TestInvoker.java:173)
	at org.testng.internal.MethodRunner.runInSequence(MethodRunner.java:46)
	at org.testng.internal.TestInvoker$MethodInvocationAgent.invoke(TestInvoker.java:824)
	at org.testng.internal.TestInvoker.invokeTestMethods(TestInvoker.java:146)
	at org.testng.internal.TestMethodWorker.invokeTestMethods(TestMethodWorker.java:146)
	at org.testng.internal.TestMethodWorker.run(TestMethodWorker.java:128)
	at java.util.ArrayList.forEach(ArrayList.java:1257)
	at org.testng.TestRunner.privateRun(TestRunner.java:794)
	at org.testng.TestRunner.run(TestRunner.java:596)
	at org.testng.SuiteRunner.runTest(SuiteRunner.java:377)
	at org.testng.SuiteRunner.access$000(SuiteRunner.java:28)
	at org.testng.SuiteRunner$SuiteWorker.run(SuiteRunner.java:418)
	at org.testng.internal.thread.ThreadUtil.lambda$execute$0(ThreadUtil.java:64)
	at java.util.concurrent.FutureTask.run(FutureTask.java:266)
	at java.util.concurrent.ThreadPoolExecutor.runWorker(ThreadPoolExecutor.java:1149)
	at java.util.concurrent.ThreadPoolExecutor$Worker.run(ThreadPoolExecutor.java:624)
	at java.lang.Thread.run(Thread.java:748)
Caused by: com.microsoft.playwright.impl.DriverException: Error {
  message=&apos;Unexpected token &quot;&quot; while parsing css selector &quot;&quot;. Did you mean to CSS.escape it?
  name=&apos;Error
  stack=&apos;Error: Unexpected token &quot;&quot; while parsing css selector &quot;&quot;. Did you mean to CSS.escape it?
    at unexpected (C:\Users\VLAKKAND\AppData\Local\Temp\playwright-java-6974736600280929974\package\lib\utils\isomorphic\cssParser.js:68:12)
    at consumeSimpleSelector (C:\Users\VLAKKAND\AppData\Local\Temp\playwright-java-6974736600280929974\package\lib\utils\isomorphic\cssParser.js:211:51)
    at consumeComplexSelector (C:\Users\VLAKKAND\AppData\Local\Temp\playwright-java-6974736600280929974\package\lib\utils\isomorphic\cssParser.js:140:19)
    at consumeArgument (C:\Users\VLAKKAND\AppData\Local\Temp\playwright-java-6974736600280929974\package\lib\utils\isomorphic\cssParser.js:120:12)
    at consumeFunctionArguments (C:\Users\VLAKKAND\AppData\Local\Temp\playwright-java-6974736600280929974\package\lib\utils\isomorphic\cssParser.js:107:21)
    at parseCSS (C:\Users\VLAKKAND\AppData\Local\Temp\playwright-java-6974736600280929974\package\lib\utils\isomorphic\cssParser.js:228:18)
    at parseSelector (C:\Users\VLAKKAND\AppData\Local\Temp\playwright-java-6974736600280929974\package\lib\utils\isomorphic\selectorParser.js:50:49)
    at splitSelectorByFrame (C:\Users\VLAKKAND\AppData\Local\Temp\playwright-java-6974736600280929974\package\lib\utils\isomorphic\selectorParser.js:99:20)
    at FrameSelectors.resolveFrameForSelector (C:\Users\VLAKKAND\AppData\Local\Temp\playwright-java-6974736600280929974\package\lib\server\frameSelectors.js:110:66)
    at FrameSelectors.resolveInjectedForSelector (C:\Users\VLAKKAND\AppData\Local\Temp\playwright-java-6974736600280929974\package\lib\server\frameSelectors.js:152:33)
}
Call log:
-     - checking visibility of

	at com.microsoft.playwright.impl.Connection.dispatch(Connection.java:259)
	at com.microsoft.playwright.impl.Connection.processOneMessage(Connection.java:211)
	at com.microsoft.playwright.impl.ChannelOwner.runUntil(ChannelOwner.java:130)
	... 33 more
</pre></div></td>
<td>1</td>
<td>com.qa.opencart.tests.LoginPageTest@7113b13f</td></tr>
</table><p>
<table width='100%' border='1' class='invocation-passed'>
<tr><td colspan='4' align='center'><b>PASSED TESTS</b></td></tr>
<tr><td><b>Test method</b></td>
<td width="30%"><b>Exception</b></td>
<td width="10%"><b>Time (seconds)</b></td>
<td><b>Instance</b></td>
</tr>
<tr>
<td title='com.qa.opencart.tests.LoginPageTest.forgorpwdLinkExistTest()'><b>forgorpwdLinkExistTest</b><br>Test class: com.qa.opencart.tests.LoginPageTest</td>
<td></td>
<td>0</td>
<td>com.qa.opencart.tests.LoginPageTest@7113b13f</td></tr>
<tr>
<td title='com.qa.opencart.tests.LoginPageTest.loginPageNavigationTest()'><b>loginPageNavigationTest</b><br>Test class: com.qa.opencart.tests.LoginPageTest</td>
<td></td>
<td>2</td>
<td>com.qa.opencart.tests.LoginPageTest@7113b13f</td></tr>
</table><p>
</body>
</html>